<?xml version="1.0" encoding="UTF-8"?>
<!-- Generated by org.testng.reporters.JUnitReportReporter -->
<testsuite skipped="0" hostname="LAPTOP-O1ADAID9" name="APIDemo.DataDrivenTestingXL" tests="6" failures="0" timestamp="2022-01-15T13:23:52 IST" time="20.546" errors="0">
  <testcase name="DataDrivenCreateEmployee" time="2.166" classname="APIDemo.DataDrivenTestingXL"/>
  <system-out/>
  <testcase name="DataDrivenCreateEmployee" time="2.469" classname="APIDemo.DataDrivenTestingXL"/>
  <system-out/>
  <testcase name="DataDrivenCreateEmployee" time="4.929" classname="APIDemo.DataDrivenTestingXL"/>
  <system-out/>
  <testcase name="DataDrivenCreateEmployee" time="4.021" classname="APIDemo.DataDrivenTestingXL"/>
  <system-out/>
  <testcase name="DataDrivenCreateEmployee" time="2.914" classname="APIDemo.DataDrivenTestingXL"/>
  <system-out/>
  <testcase name="DataDrivenCreateEmployee" time="4.047" classname="APIDemo.DataDrivenTestingXL"/>
  <system-out/>
</testsuite> <!-- APIDemo.DataDrivenTestingXL -->
