<?xml version="1.0" encoding="UTF-8"?>
<!-- Generated by org.testng.reporters.JUnitReportReporter -->
<testsuite skipped="0" hostname="LAPTOP-O1ADAID9" name="APIDemo.CreateEmpDataProviderPost" tests="2" failures="0" timestamp="2022-01-14T21:41:58 IST" time="1.741" errors="0">
  <testcase name="CreateEmpfromDataProvider" time="0.892" classname="APIDemo.CreateEmpDataProviderPost"/>
  <system-out/>
  <testcase name="CreateEmpfromDataProvider" time="0.849" classname="APIDemo.CreateEmpDataProviderPost"/>
  <system-out/>
</testsuite> <!-- APIDemo.CreateEmpDataProviderPost -->
