<?xml version="1.0" encoding="UTF-8"?>
<!-- Generated by org.testng.reporters.JUnitReportReporter -->
<testsuite skipped="0" hostname="LAPTOP-O1ADAID9" name="APIDemo.GETRequest3" tests="1" failures="0" timestamp="2022-11-03T19:19:54 EDT" time="21.434" errors="0">
  <testcase name="getUsersList" time="21.434" classname="APIDemo.GETRequest3"/>
  <system-out/>
</testsuite> <!-- APIDemo.GETRequest3 -->
