<?xml version="1.0" encoding="UTF-8"?>
<!-- Generated by org.testng.reporters.JUnitReportReporter -->
<testsuite skipped="0" hostname="LAPTOP-O1ADAID9" name="APIDemo.GetRequest2" tests="1" failures="0" timestamp="2021-05-19T12:58:23 IST" time="1.880" errors="0">
  <testcase name="getUsersList" time="1.880" classname="APIDemo.GetRequest2"/>
  <system-out/>
</testsuite> <!-- APIDemo.GetRequest2 -->
