<?xml version="1.0" encoding="UTF-8"?>
<!-- Generated by org.testng.reporters.JUnitReportReporter -->
<testsuite skipped="0" hostname="LAPTOP-O1ADAID9" name="APIDemo.GetRequest" tests="1" failures="0" timestamp="2022-01-14T21:41:58 IST" time="3.222" errors="0">
  <testcase name="getUsersList" time="3.222" classname="APIDemo.GetRequest"/>
  <system-out/>
</testsuite> <!-- APIDemo.GetRequest -->
