<?xml version="1.0" encoding="UTF-8"?>
<!-- Generated by org.testng.reporters.JUnitReportReporter -->
<testsuite skipped="0" hostname="LAPTOP-O1ADAID9" name="APIDemo.PostRequest" tests="1" failures="0" timestamp="2021-05-19T12:58:50 IST" time="3.048" errors="0">
  <testcase name="CreateEmployee" time="3.048" classname="APIDemo.PostRequest"/>
  <system-out/>
</testsuite> <!-- APIDemo.PostRequest -->
