<?xml version="1.0" encoding="UTF-8"?>
<!-- Generated by org.testng.reporters.JUnitReportReporter -->
<testsuite skipped="0" hostname="LAPTOP-O1ADAID9" name="APIDemo.DataDrivenTesting" tests="2" failures="0" timestamp="2021-10-24T08:22:38 IST" time="2.983" errors="0">
  <testcase name="DataDrivenCreateEmployee" time="0.397" classname="APIDemo.DataDrivenTesting"/>
  <system-out/>
  <testcase name="DataDrivenCreateEmployee" time="2.586" classname="APIDemo.DataDrivenTesting"/>
  <system-out/>
</testsuite> <!-- APIDemo.DataDrivenTesting -->
