<?xml version="1.0" encoding="UTF-8"?>
<!-- Generated by org.testng.reporters.JUnitReportReporter -->
<testsuite skipped="0" hostname="LAPTOP-O1ADAID9" name="APIDemo.POSTRequest2" tests="1" failures="0" timestamp="2022-01-15T15:53:39 IST" time="7.104" errors="0">
  <testcase name="CreateEmployee" time="7.104" classname="APIDemo.POSTRequest2"/>
  <system-out/>
</testsuite> <!-- APIDemo.POSTRequest2 -->
